This file contains any messages produced by compilers while
running configure, to aid debugging if configure makes a mistake.

It was created by cardpeek configure 0.8.3, which was
generated by GNU Autoconf 2.69.  Invocation command line was

  $ ./configure 

## --------- ##
## Platform. ##
## --------- ##

hostname = Sudheeshs-MacBook-Pro.local
uname -m = x86_64
uname -r = 14.0.0
uname -s = Darwin
uname -v = Darwin Kernel Version 14.0.0: Fri Sep 19 00:26:44 PDT 2014; root:xnu-2782.1.97~2/RELEASE_X86_64

/usr/bin/uname -p = i386
/bin/uname -X     = unknown

/bin/arch              = unknown
/usr/bin/arch -k       = unknown
/usr/convex/getsysinfo = unknown
/usr/bin/hostinfo      = Mach kernel version:
	 Darwin Kernel Version 14.0.0: Fri Sep 19 00:26:44 PDT 2014; root:xnu-2782.1.97~2/RELEASE_X86_64
Kernel configured for up to 8 processors.
4 processors are physically available.
8 processors are logically available.
Processor type: i486 (Intel 80486)
Processors active: 0 1 2 3 4 5 6 7
Primary memory available: 16.00 gigabytes
Default processor set: 219 tasks, 1113 threads, 8 processors
Load average: 1.42, Mach factor: 6.57
/bin/machine           = unknown
/usr/bin/oslevel       = unknown
/bin/universe          = unknown

PATH: /usr/local/bin
PATH: /usr/bin
PATH: /bin
PATH: /usr/sbin
PATH: /sbin
PATH: /opt/X11/bin
PATH: /usr/local/git/bin


## ----------- ##
## Core tests. ##
## ----------- ##

configure:2359: checking for a BSD-compatible install
configure:2427: result: /usr/bin/install -c
configure:2438: checking whether build environment is sane
configure:2493: result: yes
configure:2644: checking for a thread-safe mkdir -p
configure:2683: result: ./install-sh -c -d
configure:2690: checking for gawk
configure:2720: result: no
configure:2690: checking for mawk
configure:2720: result: no
configure:2690: checking for nawk
configure:2720: result: no
configure:2690: checking for awk
configure:2706: found /usr/bin/awk
configure:2717: result: awk
configure:2728: checking whether make sets $(MAKE)
configure:2750: result: yes
configure:2779: checking whether make supports nested variables
configure:2796: result: yes
configure:2940: checking whether make supports nested variables
configure:2957: result: yes
configure:3019: checking for gcc
configure:3035: found /usr/bin/gcc
configure:3046: result: gcc
configure:3275: checking for C compiler version
configure:3284: gcc --version >&5
Apple LLVM version 6.0 (clang-600.0.56) (based on LLVM 3.5svn)
Target: x86_64-apple-darwin14.0.0
Thread model: posix
Configured with: --prefix=/Applications/Xcode.app/Contents/Developer/usr --with-gxx-include-dir=/usr/include/c++/4.2.1
configure:3295: $? = 0
configure:3284: gcc -v >&5
Configured with: --prefix=/Applications/Xcode.app/Contents/Developer/usr --with-gxx-include-dir=/usr/include/c++/4.2.1
Apple LLVM version 6.0 (clang-600.0.56) (based on LLVM 3.5svn)
Target: x86_64-apple-darwin14.0.0
Thread model: posix
configure:3295: $? = 0
configure:3284: gcc -V >&5
clang: error: argument to '-V' is missing (expected 1 value)
clang: error: no input files
configure:3295: $? = 1
configure:3284: gcc -qversion >&5
clang: error: unknown argument: '-qversion'
clang: error: no input files
configure:3295: $? = 1
configure:3315: checking whether the C compiler works
configure:3337: gcc    conftest.c  >&5
configure:3341: $? = 0
configure:3389: result: yes
configure:3392: checking for C compiler default output file name
configure:3394: result: a.out
configure:3400: checking for suffix of executables
configure:3407: gcc -o conftest    conftest.c  >&5
configure:3411: $? = 0
configure:3433: result: 
configure:3455: checking whether we are cross compiling
configure:3463: gcc -o conftest    conftest.c  >&5
configure:3467: $? = 0
configure:3474: ./conftest
configure:3478: $? = 0
configure:3493: result: no
configure:3498: checking for suffix of object files
configure:3520: gcc -c   conftest.c >&5
configure:3524: $? = 0
configure:3545: result: o
configure:3549: checking whether we are using the GNU C compiler
configure:3568: gcc -c   conftest.c >&5
configure:3568: $? = 0
configure:3577: result: yes
configure:3586: checking whether gcc accepts -g
configure:3606: gcc -c -g  conftest.c >&5
configure:3606: $? = 0
configure:3647: result: yes
configure:3664: checking for gcc option to accept ISO C89
configure:3727: gcc  -c -g -O2  conftest.c >&5
configure:3727: $? = 0
configure:3740: result: none needed
configure:3765: checking whether gcc understands -c and -o together
configure:3787: gcc -c conftest.c -o conftest2.o
configure:3790: $? = 0
configure:3787: gcc -c conftest.c -o conftest2.o
configure:3790: $? = 0
configure:3802: result: yes
configure:3830: checking for style of include used by make
configure:3858: result: GNU
configure:3884: checking dependency style of gcc
configure:3995: result: gcc3
configure:4010: checking whether make sets $(MAKE)
configure:4032: result: yes
configure:4045: checking build system type
configure:4059: result: x86_64-apple-darwin14.0.0
configure:4079: checking host system type
configure:4092: result: x86_64-apple-darwin14.0.0
configure:4169: checking for pkg-config
configure:4187: found /usr/local/bin/pkg-config
configure:4199: result: /usr/local/bin/pkg-config
configure:4224: checking pkg-config is at least version 0.9.0
configure:4227: result: yes
configure:4237: checking for GLIB
configure:4244: $PKG_CONFIG --exists --print-errors "glib-2.0 >= 2.32.0"
configure:4247: $? = 0
configure:4261: $PKG_CONFIG --exists --print-errors "glib-2.0 >= 2.32.0"
configure:4264: $? = 0
configure:4322: result: yes
configure:4329: checking for GTK
configure:4336: $PKG_CONFIG --exists --print-errors "gtk+-3.0 >= 3.6"
configure:4339: $? = 0
configure:4353: $PKG_CONFIG --exists --print-errors "gtk+-3.0 >= 3.6"
configure:4356: $? = 0
configure:4414: result: yes
configure:4522: checking for LUA
configure:4529: $PKG_CONFIG --exists --print-errors "lua-5.2"
configure:4532: $? = 0
configure:4546: $PKG_CONFIG --exists --print-errors "lua-5.2"
configure:4549: $? = 0
configure:5499: result: yes
configure:5506: checking for CURL
configure:5513: $PKG_CONFIG --exists --print-errors "libcurl"
configure:5516: $? = 0
configure:5530: $PKG_CONFIG --exists --print-errors "libcurl"
configure:5533: $? = 0
configure:5681: result: yes
configure:5686: checking for SSL_free in -lssl
configure:5711: gcc -o conftest -g -O2   conftest.c -lssl   >&5
configure:5711: $? = 0
configure:5720: result: yes
configure:5736: checking for CRYPTO_free in -lcrypto
configure:5761: gcc -o conftest -g -O2   conftest.c -lcrypto  -lssl  >&5
configure:5761: $? = 0
configure:5770: result: yes
configure:5786: checking for backtrace in -lexecinfo
configure:5811: gcc -o conftest -g -O2   conftest.c -lexecinfo  -lcrypto -lssl  >&5
ld: library not found for -lexecinfo
clang: error: linker command failed with exit code 1 (use -v to see invocation)
configure:5811: $? = 1
configure: failed program was:
| /* confdefs.h */
| #define PACKAGE_NAME "cardpeek"
| #define PACKAGE_TARNAME "cardpeek"
| #define PACKAGE_VERSION "0.8.3"
| #define PACKAGE_STRING "cardpeek 0.8.3"
| #define PACKAGE_BUGREPORT "L1L1@gmx.com"
| #define PACKAGE_URL ""
| #define PACKAGE "cardpeek"
| #define VERSION "0.8.3"
| #define HAVE_LIBSSL 1
| #define HAVE_LIBCRYPTO 1
| /* end confdefs.h.  */
| 
| /* Override any GCC internal prototype to avoid an error.
|    Use char because int might match the return type of a GCC
|    builtin and then its argument prototype would still apply.  */
| #ifdef __cplusplus
| extern "C"
| #endif
| char backtrace ();
| int
| main ()
| {
| return backtrace ();
|   ;
|   return 0;
| }
configure:5820: result: no
configure:5831: checking whether backtrace is declared
configure:5831: gcc -c -g -O2  conftest.c >&5
configure:5831: $? = 0
configure:5831: result: yes
configure:5886: checking for ld used by gcc
configure:5953: result: /Applications/Xcode.app/Contents/Developer/Toolchains/XcodeDefault.xctoolchain/usr/bin/ld
configure:5960: checking if the linker (/Applications/Xcode.app/Contents/Developer/Toolchains/XcodeDefault.xctoolchain/usr/bin/ld) is GNU ld
configure:5975: result: no
configure:5982: checking for shared library run path origin
configure:5995: result: done
configure:6019: checking how to run the C preprocessor
configure:6050: gcc -E  conftest.c
configure:6050: $? = 0
configure:6064: gcc -E  conftest.c
conftest.c:14:10: fatal error: 'ac_nonexistent.h' file not found
#include <ac_nonexistent.h>
         ^
1 error generated.
configure:6064: $? = 1
configure: failed program was:
| /* confdefs.h */
| #define PACKAGE_NAME "cardpeek"
| #define PACKAGE_TARNAME "cardpeek"
| #define PACKAGE_VERSION "0.8.3"
| #define PACKAGE_STRING "cardpeek 0.8.3"
| #define PACKAGE_BUGREPORT "L1L1@gmx.com"
| #define PACKAGE_URL ""
| #define PACKAGE "cardpeek"
| #define VERSION "0.8.3"
| #define HAVE_LIBSSL 1
| #define HAVE_LIBCRYPTO 1
| #define HAVE_DECL_BACKTRACE 1
| /* end confdefs.h.  */
| #include <ac_nonexistent.h>
configure:6089: result: gcc -E
configure:6109: gcc -E  conftest.c
configure:6109: $? = 0
configure:6123: gcc -E  conftest.c
conftest.c:14:10: fatal error: 'ac_nonexistent.h' file not found
#include <ac_nonexistent.h>
         ^
1 error generated.
configure:6123: $? = 1
configure: failed program was:
| /* confdefs.h */
| #define PACKAGE_NAME "cardpeek"
| #define PACKAGE_TARNAME "cardpeek"
| #define PACKAGE_VERSION "0.8.3"
| #define PACKAGE_STRING "cardpeek 0.8.3"
| #define PACKAGE_BUGREPORT "L1L1@gmx.com"
| #define PACKAGE_URL ""
| #define PACKAGE "cardpeek"
| #define VERSION "0.8.3"
| #define HAVE_LIBSSL 1
| #define HAVE_LIBCRYPTO 1
| #define HAVE_DECL_BACKTRACE 1
| /* end confdefs.h.  */
| #include <ac_nonexistent.h>
configure:6152: checking for grep that handles long lines and -e
configure:6210: result: /usr/bin/grep
configure:6215: checking for egrep
configure:6277: result: /usr/bin/grep -E
configure:6841: checking for iconv
configure:6865: gcc -o conftest -g -O2   conftest.c -lcrypto -lssl  >&5
Undefined symbols for architecture x86_64:
  "_iconv", referenced from:
      _main in conftest-8bec98.o
  "_iconv_close", referenced from:
      _main in conftest-8bec98.o
  "_iconv_open", referenced from:
      _main in conftest-8bec98.o
ld: symbol(s) not found for architecture x86_64
clang: error: linker command failed with exit code 1 (use -v to see invocation)
configure:6865: $? = 1
configure: failed program was:
| /* confdefs.h */
| #define PACKAGE_NAME "cardpeek"
| #define PACKAGE_TARNAME "cardpeek"
| #define PACKAGE_VERSION "0.8.3"
| #define PACKAGE_STRING "cardpeek 0.8.3"
| #define PACKAGE_BUGREPORT "L1L1@gmx.com"
| #define PACKAGE_URL ""
| #define PACKAGE "cardpeek"
| #define VERSION "0.8.3"
| #define HAVE_LIBSSL 1
| #define HAVE_LIBCRYPTO 1
| #define HAVE_DECL_BACKTRACE 1
| /* end confdefs.h.  */
| 
| #include <stdlib.h>
| #include <iconv.h>
| 
| int
| main ()
| {
| iconv_t cd = iconv_open("","");
|            iconv(cd,NULL,NULL,NULL,NULL);
|            iconv_close(cd);
|   ;
|   return 0;
| }
configure:6889: gcc -o conftest -g -O2   conftest.c -lcrypto -lssl  -liconv >&5
configure:6889: $? = 0
configure:6899: result: yes
configure:6902: checking for working iconv
configure:7022: gcc -o conftest -g -O2   conftest.c -lcrypto -lssl  -liconv >&5
configure:7022: $? = 0
configure:7022: ./conftest
configure:7022: $? = 0
configure:7034: result: yes
configure:7049: checking how to link with libiconv
configure:7051: result: -liconv
configure:7062: checking for iconv declaration
configure:7091: gcc -c -g -O2  conftest.c >&5
configure:7091: $? = 0
configure:7102: result:
         extern size_t iconv (iconv_t cd, char * *inbuf, size_t *inbytesleft, char * *outbuf, size_t *outbytesleft);
configure:7120: checking for glib-compile-resources
configure:7138: found /usr/local/bin/glib-compile-resources
configure:7151: result: /usr/local/bin/glib-compile-resources
configure:7171: checking for gdk-pixbuf-pixdata
configure:7189: found /usr/local/bin/gdk-pixbuf-pixdata
configure:7202: result: /usr/local/bin/gdk-pixbuf-pixdata
configure:7224: checking for dirent.h that defines DIR
configure:7243: gcc -c -g -O2  conftest.c >&5
configure:7243: $? = 0
configure:7251: result: yes
configure:7264: checking for library containing opendir
configure:7295: gcc -o conftest -g -O2   conftest.c -lcrypto -lssl  >&5
configure:7295: $? = 0
configure:7312: result: none required
configure:7379: checking for ANSI C header files
configure:7399: gcc -c -g -O2  conftest.c >&5
configure:7399: $? = 0
configure:7472: gcc -o conftest -g -O2   conftest.c -lcrypto -lssl  >&5
configure:7472: $? = 0
configure:7472: ./conftest
configure:7472: $? = 0
configure:7483: result: yes
configure:7491: checking for sys/wait.h that is POSIX.1 compatible
configure:7517: gcc -c -g -O2  conftest.c >&5
configure:7517: $? = 0
configure:7524: result: yes
configure:7537: checking for sys/types.h
configure:7537: gcc -c -g -O2  conftest.c >&5
configure:7537: $? = 0
configure:7537: result: yes
configure:7537: checking for sys/stat.h
configure:7537: gcc -c -g -O2  conftest.c >&5
configure:7537: $? = 0
configure:7537: result: yes
configure:7537: checking for stdlib.h
configure:7537: gcc -c -g -O2  conftest.c >&5
configure:7537: $? = 0
configure:7537: result: yes
configure:7537: checking for string.h
configure:7537: gcc -c -g -O2  conftest.c >&5
configure:7537: $? = 0
configure:7537: result: yes
configure:7537: checking for memory.h
configure:7537: gcc -c -g -O2  conftest.c >&5
configure:7537: $? = 0
configure:7537: result: yes
configure:7537: checking for strings.h
configure:7537: gcc -c -g -O2  conftest.c >&5
configure:7537: $? = 0
configure:7537: result: yes
configure:7537: checking for inttypes.h
configure:7537: gcc -c -g -O2  conftest.c >&5
configure:7537: $? = 0
configure:7537: result: yes
configure:7537: checking for stdint.h
configure:7537: gcc -c -g -O2  conftest.c >&5
configure:7537: $? = 0
configure:7537: result: yes
configure:7537: checking for unistd.h
configure:7537: gcc -c -g -O2  conftest.c >&5
configure:7537: $? = 0
configure:7537: result: yes
configure:7552: checking fcntl.h usability
configure:7552: gcc -c -g -O2  conftest.c >&5
configure:7552: $? = 0
configure:7552: result: yes
configure:7552: checking fcntl.h presence
configure:7552: gcc -E  conftest.c
configure:7552: $? = 0
configure:7552: result: yes
configure:7552: checking for fcntl.h
configure:7552: result: yes
configure:7552: checking limits.h usability
configure:7552: gcc -c -g -O2  conftest.c >&5
configure:7552: $? = 0
configure:7552: result: yes
configure:7552: checking limits.h presence
configure:7552: gcc -E  conftest.c
configure:7552: $? = 0
configure:7552: result: yes
configure:7552: checking for limits.h
configure:7552: result: yes
configure:7552: checking for stdlib.h
configure:7552: result: yes
configure:7552: checking for string.h
configure:7552: result: yes
configure:7552: checking sys/time.h usability
configure:7552: gcc -c -g -O2  conftest.c >&5
configure:7552: $? = 0
configure:7552: result: yes
configure:7552: checking sys/time.h presence
configure:7552: gcc -E  conftest.c
configure:7552: $? = 0
configure:7552: result: yes
configure:7552: checking for sys/time.h
configure:7552: result: yes
configure:7552: checking termios.h usability
configure:7552: gcc -c -g -O2  conftest.c >&5
configure:7552: $? = 0
configure:7552: result: yes
configure:7552: checking termios.h presence
configure:7552: gcc -E  conftest.c
configure:7552: $? = 0
configure:7552: result: yes
configure:7552: checking for termios.h
configure:7552: result: yes
configure:7552: checking for unistd.h
configure:7552: result: yes
configure:7564: checking for an ANSI C-conforming const
configure:7630: gcc -c -g -O2  conftest.c >&5
configure:7630: $? = 0
configure:7637: result: yes
configure:7645: checking for size_t
configure:7645: gcc -c -g -O2  conftest.c >&5
configure:7645: $? = 0
configure:7645: gcc -c -g -O2  conftest.c >&5
conftest.c:71:21: error: expected expression
if (sizeof ((size_t)))
                    ^
1 error generated.
configure:7645: $? = 1
configure: failed program was:
| /* confdefs.h */
| #define PACKAGE_NAME "cardpeek"
| #define PACKAGE_TARNAME "cardpeek"
| #define PACKAGE_VERSION "0.8.3"
| #define PACKAGE_STRING "cardpeek 0.8.3"
| #define PACKAGE_BUGREPORT "L1L1@gmx.com"
| #define PACKAGE_URL ""
| #define PACKAGE "cardpeek"
| #define VERSION "0.8.3"
| #define HAVE_LIBSSL 1
| #define HAVE_LIBCRYPTO 1
| #define HAVE_DECL_BACKTRACE 1
| #define HAVE_ICONV 1
| #define ICONV_CONST 
| #define HAVE_DIRENT_H 1
| #define STDC_HEADERS 1
| #define HAVE_SYS_WAIT_H 1
| #define HAVE_SYS_TYPES_H 1
| #define HAVE_SYS_STAT_H 1
| #define HAVE_STDLIB_H 1
| #define HAVE_STRING_H 1
| #define HAVE_MEMORY_H 1
| #define HAVE_STRINGS_H 1
| #define HAVE_INTTYPES_H 1
| #define HAVE_STDINT_H 1
| #define HAVE_UNISTD_H 1
| #define HAVE_FCNTL_H 1
| #define HAVE_LIMITS_H 1
| #define HAVE_STDLIB_H 1
| #define HAVE_STRING_H 1
| #define HAVE_SYS_TIME_H 1
| #define HAVE_TERMIOS_H 1
| #define HAVE_UNISTD_H 1
| /* end confdefs.h.  */
| #include <stdio.h>
| #ifdef HAVE_SYS_TYPES_H
| # include <sys/types.h>
| #endif
| #ifdef HAVE_SYS_STAT_H
| # include <sys/stat.h>
| #endif
| #ifdef STDC_HEADERS
| # include <stdlib.h>
| # include <stddef.h>
| #else
| # ifdef HAVE_STDLIB_H
| #  include <stdlib.h>
| # endif
| #endif
| #ifdef HAVE_STRING_H
| # if !defined STDC_HEADERS && defined HAVE_MEMORY_H
| #  include <memory.h>
| # endif
| # include <string.h>
| #endif
| #ifdef HAVE_STRINGS_H
| # include <strings.h>
| #endif
| #ifdef HAVE_INTTYPES_H
| # include <inttypes.h>
| #endif
| #ifdef HAVE_STDINT_H
| # include <stdint.h>
| #endif
| #ifdef HAVE_UNISTD_H
| # include <unistd.h>
| #endif
| int
| main ()
| {
| if (sizeof ((size_t)))
| 	    return 0;
|   ;
|   return 0;
| }
configure:7645: result: yes
configure:7656: checking whether time.h and sys/time.h may both be included
configure:7676: gcc -c -g -O2  conftest.c >&5
configure:7676: $? = 0
configure:7683: result: yes
configure:7692: checking for GStatBuf
configure:7692: gcc -c -I/usr/local/Cellar/glib/2.42.1/include/glib-2.0 -I/usr/local/Cellar/glib/2.42.1/lib/glib-2.0/include -I/usr/local/opt/gettext/include  -g -O2  conftest.c >&5
configure:7692: $? = 0
configure:7692: gcc -c -I/usr/local/Cellar/glib/2.42.1/include/glib-2.0 -I/usr/local/Cellar/glib/2.42.1/lib/glib-2.0/include -I/usr/local/opt/gettext/include  -g -O2  conftest.c >&5
conftest.c:41:23: error: expected expression
if (sizeof ((GStatBuf)))
                      ^
1 error generated.
configure:7692: $? = 1
configure: failed program was:
| /* confdefs.h */
| #define PACKAGE_NAME "cardpeek"
| #define PACKAGE_TARNAME "cardpeek"
| #define PACKAGE_VERSION "0.8.3"
| #define PACKAGE_STRING "cardpeek 0.8.3"
| #define PACKAGE_BUGREPORT "L1L1@gmx.com"
| #define PACKAGE_URL ""
| #define PACKAGE "cardpeek"
| #define VERSION "0.8.3"
| #define HAVE_LIBSSL 1
| #define HAVE_LIBCRYPTO 1
| #define HAVE_DECL_BACKTRACE 1
| #define HAVE_ICONV 1
| #define ICONV_CONST 
| #define HAVE_DIRENT_H 1
| #define STDC_HEADERS 1
| #define HAVE_SYS_WAIT_H 1
| #define HAVE_SYS_TYPES_H 1
| #define HAVE_SYS_STAT_H 1
| #define HAVE_STDLIB_H 1
| #define HAVE_STRING_H 1
| #define HAVE_MEMORY_H 1
| #define HAVE_STRINGS_H 1
| #define HAVE_INTTYPES_H 1
| #define HAVE_STDINT_H 1
| #define HAVE_UNISTD_H 1
| #define HAVE_FCNTL_H 1
| #define HAVE_LIMITS_H 1
| #define HAVE_STDLIB_H 1
| #define HAVE_STRING_H 1
| #define HAVE_SYS_TIME_H 1
| #define HAVE_TERMIOS_H 1
| #define HAVE_UNISTD_H 1
| #define TIME_WITH_SYS_TIME 1
| /* end confdefs.h.  */
| #include <glib/gstdio.h>
| 
| int
| main ()
| {
| if (sizeof ((GStatBuf)))
| 	    return 0;
|   ;
|   return 0;
| }
configure:7692: result: yes
configure:7707: checking for stdlib.h
configure:7707: result: yes
configure:7717: checking for GNU libc compatible malloc
configure:7741: gcc -o conftest -I/usr/local/Cellar/glib/2.42.1/include/glib-2.0 -I/usr/local/Cellar/glib/2.42.1/lib/glib-2.0/include -I/usr/local/opt/gettext/include  -g -O2   conftest.c -lcrypto -lssl  >&5
configure:7741: $? = 0
configure:7741: ./conftest
configure:7741: $? = 0
configure:7751: result: yes
configure:7772: checking for working memcmp
configure:7815: gcc -o conftest -I/usr/local/Cellar/glib/2.42.1/include/glib-2.0 -I/usr/local/Cellar/glib/2.42.1/lib/glib-2.0/include -I/usr/local/opt/gettext/include  -g -O2   conftest.c -lcrypto -lssl  >&5
configure:7815: $? = 0
configure:7815: ./conftest
configure:7815: $? = 0
configure:7825: result: yes
configure:7836: checking for stdlib.h
configure:7836: result: yes
configure:7846: checking for GNU libc compatible realloc
configure:7870: gcc -o conftest -I/usr/local/Cellar/glib/2.42.1/include/glib-2.0 -I/usr/local/Cellar/glib/2.42.1/lib/glib-2.0/include -I/usr/local/opt/gettext/include  -g -O2   conftest.c -lcrypto -lssl  >&5
configure:7870: $? = 0
configure:7870: ./conftest
configure:7870: $? = 0
configure:7880: result: yes
configure:7904: checking sys/select.h usability
configure:7904: gcc -c -I/usr/local/Cellar/glib/2.42.1/include/glib-2.0 -I/usr/local/Cellar/glib/2.42.1/lib/glib-2.0/include -I/usr/local/opt/gettext/include  -g -O2  conftest.c >&5
configure:7904: $? = 0
configure:7904: result: yes
configure:7904: checking sys/select.h presence
configure:7904: gcc -E  conftest.c
configure:7904: $? = 0
configure:7904: result: yes
configure:7904: checking for sys/select.h
configure:7904: result: yes
configure:7904: checking sys/socket.h usability
configure:7904: gcc -c -I/usr/local/Cellar/glib/2.42.1/include/glib-2.0 -I/usr/local/Cellar/glib/2.42.1/lib/glib-2.0/include -I/usr/local/opt/gettext/include  -g -O2  conftest.c >&5
configure:7904: $? = 0
configure:7904: result: yes
configure:7904: checking sys/socket.h presence
configure:7904: gcc -E  conftest.c
configure:7904: $? = 0
configure:7904: result: yes
configure:7904: checking for sys/socket.h
configure:7904: result: yes
configure:7914: checking types of arguments for select
configure:7942: gcc -c -I/usr/local/Cellar/glib/2.42.1/include/glib-2.0 -I/usr/local/Cellar/glib/2.42.1/lib/glib-2.0/include -I/usr/local/opt/gettext/include  -g -O2  conftest.c >&5
configure:7942: $? = 0
configure:7953: result: int,fd_set *,struct timeval *
configure:7976: checking whether lstat correctly handles trailing slash
configure:8002: gcc -o conftest -I/usr/local/Cellar/glib/2.42.1/include/glib-2.0 -I/usr/local/Cellar/glib/2.42.1/lib/glib-2.0/include -I/usr/local/opt/gettext/include  -g -O2   conftest.c -lcrypto -lssl  >&5
configure:8002: $? = 0
configure:8002: ./conftest
configure:8002: $? = 1
configure: program exited with status 1
configure: failed program was:
| /* confdefs.h */
| #define PACKAGE_NAME "cardpeek"
| #define PACKAGE_TARNAME "cardpeek"
| #define PACKAGE_VERSION "0.8.3"
| #define PACKAGE_STRING "cardpeek 0.8.3"
| #define PACKAGE_BUGREPORT "L1L1@gmx.com"
| #define PACKAGE_URL ""
| #define PACKAGE "cardpeek"
| #define VERSION "0.8.3"
| #define HAVE_LIBSSL 1
| #define HAVE_LIBCRYPTO 1
| #define HAVE_DECL_BACKTRACE 1
| #define HAVE_ICONV 1
| #define ICONV_CONST 
| #define HAVE_DIRENT_H 1
| #define STDC_HEADERS 1
| #define HAVE_SYS_WAIT_H 1
| #define HAVE_SYS_TYPES_H 1
| #define HAVE_SYS_STAT_H 1
| #define HAVE_STDLIB_H 1
| #define HAVE_STRING_H 1
| #define HAVE_MEMORY_H 1
| #define HAVE_STRINGS_H 1
| #define HAVE_INTTYPES_H 1
| #define HAVE_STDINT_H 1
| #define HAVE_UNISTD_H 1
| #define HAVE_FCNTL_H 1
| #define HAVE_LIMITS_H 1
| #define HAVE_STDLIB_H 1
| #define HAVE_STRING_H 1
| #define HAVE_SYS_TIME_H 1
| #define HAVE_TERMIOS_H 1
| #define HAVE_UNISTD_H 1
| #define TIME_WITH_SYS_TIME 1
| #define HAVE_GSTATBUF 1
| #define HAVE_STDLIB_H 1
| #define HAVE_MALLOC 1
| #define HAVE_STDLIB_H 1
| #define HAVE_REALLOC 1
| #define HAVE_SYS_SELECT_H 1
| #define HAVE_SYS_SOCKET_H 1
| #define SELECT_TYPE_ARG1 int
| #define SELECT_TYPE_ARG234 (fd_set *)
| #define SELECT_TYPE_ARG5 (struct timeval *)
| /* end confdefs.h.  */
| #include <stdio.h>
| #ifdef HAVE_SYS_TYPES_H
| # include <sys/types.h>
| #endif
| #ifdef HAVE_SYS_STAT_H
| # include <sys/stat.h>
| #endif
| #ifdef STDC_HEADERS
| # include <stdlib.h>
| # include <stddef.h>
| #else
| # ifdef HAVE_STDLIB_H
| #  include <stdlib.h>
| # endif
| #endif
| #ifdef HAVE_STRING_H
| # if !defined STDC_HEADERS && defined HAVE_MEMORY_H
| #  include <memory.h>
| # endif
| # include <string.h>
| #endif
| #ifdef HAVE_STRINGS_H
| # include <strings.h>
| #endif
| #ifdef HAVE_INTTYPES_H
| # include <inttypes.h>
| #endif
| #ifdef HAVE_STDINT_H
| # include <stdint.h>
| #endif
| #ifdef HAVE_UNISTD_H
| # include <unistd.h>
| #endif
| int
| main ()
| {
| struct stat sbuf;
|      /* Linux will dereference the symlink and fail, as required by POSIX.
| 	That is better in the sense that it means we will not
| 	have to compile and use the lstat wrapper.  */
|      return lstat ("conftest.sym/", &sbuf) == 0;
|   ;
|   return 0;
| }
configure:8019: result: no
configure:8038: checking whether stat accepts an empty string
configure:8058: gcc -o conftest -I/usr/local/Cellar/glib/2.42.1/include/glib-2.0 -I/usr/local/Cellar/glib/2.42.1/lib/glib-2.0/include -I/usr/local/opt/gettext/include  -g -O2   conftest.c -lcrypto -lssl  >&5
configure:8058: $? = 0
configure:8058: ./conftest
configure:8058: $? = 0
configure:8068: result: no
configure:8086: checking for vprintf
configure:8086: gcc -o conftest -I/usr/local/Cellar/glib/2.42.1/include/glib-2.0 -I/usr/local/Cellar/glib/2.42.1/lib/glib-2.0/include -I/usr/local/opt/gettext/include  -g -O2   conftest.c -lcrypto -lssl  >&5
conftest.c:69:6: warning: incompatible redeclaration of library function 'vprintf' [-Wincompatible-library-redeclaration]
char vprintf ();
     ^
conftest.c:69:6: note: 'vprintf' is a builtin with type 'int (const char *, __va_list_tag *)'
1 warning generated.
configure:8086: $? = 0
configure:8086: result: yes
configure:8092: checking for _doprnt
configure:8092: gcc -o conftest -I/usr/local/Cellar/glib/2.42.1/include/glib-2.0 -I/usr/local/Cellar/glib/2.42.1/lib/glib-2.0/include -I/usr/local/opt/gettext/include  -g -O2   conftest.c -lcrypto -lssl  >&5
Undefined symbols for architecture x86_64:
  "__doprnt", referenced from:
      _main in conftest-0a8f8b.o
ld: symbol(s) not found for architecture x86_64
clang: error: linker command failed with exit code 1 (use -v to see invocation)
configure:8092: $? = 1
configure: failed program was:
| /* confdefs.h */
| #define PACKAGE_NAME "cardpeek"
| #define PACKAGE_TARNAME "cardpeek"
| #define PACKAGE_VERSION "0.8.3"
| #define PACKAGE_STRING "cardpeek 0.8.3"
| #define PACKAGE_BUGREPORT "L1L1@gmx.com"
| #define PACKAGE_URL ""
| #define PACKAGE "cardpeek"
| #define VERSION "0.8.3"
| #define HAVE_LIBSSL 1
| #define HAVE_LIBCRYPTO 1
| #define HAVE_DECL_BACKTRACE 1
| #define HAVE_ICONV 1
| #define ICONV_CONST 
| #define HAVE_DIRENT_H 1
| #define STDC_HEADERS 1
| #define HAVE_SYS_WAIT_H 1
| #define HAVE_SYS_TYPES_H 1
| #define HAVE_SYS_STAT_H 1
| #define HAVE_STDLIB_H 1
| #define HAVE_STRING_H 1
| #define HAVE_MEMORY_H 1
| #define HAVE_STRINGS_H 1
| #define HAVE_INTTYPES_H 1
| #define HAVE_STDINT_H 1
| #define HAVE_UNISTD_H 1
| #define HAVE_FCNTL_H 1
| #define HAVE_LIMITS_H 1
| #define HAVE_STDLIB_H 1
| #define HAVE_STRING_H 1
| #define HAVE_SYS_TIME_H 1
| #define HAVE_TERMIOS_H 1
| #define HAVE_UNISTD_H 1
| #define TIME_WITH_SYS_TIME 1
| #define HAVE_GSTATBUF 1
| #define HAVE_STDLIB_H 1
| #define HAVE_MALLOC 1
| #define HAVE_STDLIB_H 1
| #define HAVE_REALLOC 1
| #define HAVE_SYS_SELECT_H 1
| #define HAVE_SYS_SOCKET_H 1
| #define SELECT_TYPE_ARG1 int
| #define SELECT_TYPE_ARG234 (fd_set *)
| #define SELECT_TYPE_ARG5 (struct timeval *)
| #define HAVE_VPRINTF 1
| /* end confdefs.h.  */
| /* Define _doprnt to an innocuous variant, in case <limits.h> declares _doprnt.
|    For example, HP-UX 11i <limits.h> declares gettimeofday.  */
| #define _doprnt innocuous__doprnt
| 
| /* System header to define __stub macros and hopefully few prototypes,
|     which can conflict with char _doprnt (); below.
|     Prefer <limits.h> to <assert.h> if __STDC__ is defined, since
|     <limits.h> exists even on freestanding compilers.  */
| 
| #ifdef __STDC__
| # include <limits.h>
| #else
| # include <assert.h>
| #endif
| 
| #undef _doprnt
| 
| /* Override any GCC internal prototype to avoid an error.
|    Use char because int might match the return type of a GCC
|    builtin and then its argument prototype would still apply.  */
| #ifdef __cplusplus
| extern "C"
| #endif
| char _doprnt ();
| /* The GNU C library defines this for functions which it implements
|     to always fail with ENOSYS.  Some functions are actually named
|     something starting with __ and the normal name is an alias.  */
| #if defined __stub__doprnt || defined __stub____doprnt
| choke me
| #endif
| 
| int
| main ()
| {
| return _doprnt ();
|   ;
|   return 0;
| }
configure:8092: result: no
configure:8106: checking for bzero
configure:8106: gcc -o conftest -I/usr/local/Cellar/glib/2.42.1/include/glib-2.0 -I/usr/local/Cellar/glib/2.42.1/lib/glib-2.0/include -I/usr/local/opt/gettext/include  -g -O2   conftest.c -lcrypto -lssl  >&5
conftest.c:70:6: warning: incompatible redeclaration of library function 'bzero' [-Wincompatible-library-redeclaration]
char bzero ();
     ^
conftest.c:70:6: note: 'bzero' is a builtin with type 'void (void *, unsigned long)'
1 warning generated.
configure:8106: $? = 0
configure:8106: result: yes
configure:8106: checking for getcwd
configure:8106: gcc -o conftest -I/usr/local/Cellar/glib/2.42.1/include/glib-2.0 -I/usr/local/Cellar/glib/2.42.1/lib/glib-2.0/include -I/usr/local/opt/gettext/include  -g -O2   conftest.c -lcrypto -lssl  >&5
configure:8106: $? = 0
configure:8106: result: yes
configure:8106: checking for memmove
configure:8106: gcc -o conftest -I/usr/local/Cellar/glib/2.42.1/include/glib-2.0 -I/usr/local/Cellar/glib/2.42.1/lib/glib-2.0/include -I/usr/local/opt/gettext/include  -g -O2   conftest.c -lcrypto -lssl  >&5
conftest.c:72:6: warning: incompatible redeclaration of library function 'memmove' [-Wincompatible-library-redeclaration]
char memmove ();
     ^
conftest.c:72:6: note: 'memmove' is a builtin with type 'void *(void *, const void *, unsigned long)'
1 warning generated.
configure:8106: $? = 0
configure:8106: result: yes
configure:8106: checking for memset
configure:8106: gcc -o conftest -I/usr/local/Cellar/glib/2.42.1/include/glib-2.0 -I/usr/local/Cellar/glib/2.42.1/lib/glib-2.0/include -I/usr/local/opt/gettext/include  -g -O2   conftest.c -lcrypto -lssl  >&5
conftest.c:73:6: warning: incompatible redeclaration of library function 'memset' [-Wincompatible-library-redeclaration]
char memset ();
     ^
conftest.c:73:6: note: 'memset' is a builtin with type 'void *(void *, int, unsigned long)'
1 warning generated.
configure:8106: $? = 0
configure:8106: result: yes
configure:8106: checking for select
configure:8106: gcc -o conftest -I/usr/local/Cellar/glib/2.42.1/include/glib-2.0 -I/usr/local/Cellar/glib/2.42.1/lib/glib-2.0/include -I/usr/local/opt/gettext/include  -g -O2   conftest.c -lcrypto -lssl  >&5
configure:8106: $? = 0
configure:8106: result: yes
configure:8106: checking for strcasecmp
configure:8106: gcc -o conftest -I/usr/local/Cellar/glib/2.42.1/include/glib-2.0 -I/usr/local/Cellar/glib/2.42.1/lib/glib-2.0/include -I/usr/local/opt/gettext/include  -g -O2   conftest.c -lcrypto -lssl  >&5
conftest.c:75:6: warning: incompatible redeclaration of library function 'strcasecmp' [-Wincompatible-library-redeclaration]
char strcasecmp ();
     ^
conftest.c:75:6: note: 'strcasecmp' is a builtin with type 'int (const char *, const char *)'
1 warning generated.
configure:8106: $? = 0
configure:8106: result: yes
configure:8106: checking for strdup
configure:8106: gcc -o conftest -I/usr/local/Cellar/glib/2.42.1/include/glib-2.0 -I/usr/local/Cellar/glib/2.42.1/lib/glib-2.0/include -I/usr/local/opt/gettext/include  -g -O2   conftest.c -lcrypto -lssl  >&5
conftest.c:76:6: warning: incompatible redeclaration of library function 'strdup' [-Wincompatible-library-redeclaration]
char strdup ();
     ^
conftest.c:76:6: note: 'strdup' is a builtin with type 'char *(const char *)'
1 warning generated.
configure:8106: $? = 0
configure:8106: result: yes
configure:8106: checking for strerror
configure:8106: gcc -o conftest -I/usr/local/Cellar/glib/2.42.1/include/glib-2.0 -I/usr/local/Cellar/glib/2.42.1/lib/glib-2.0/include -I/usr/local/opt/gettext/include  -g -O2   conftest.c -lcrypto -lssl  >&5
conftest.c:77:6: warning: incompatible redeclaration of library function 'strerror' [-Wincompatible-library-redeclaration]
char strerror ();
     ^
conftest.c:77:6: note: 'strerror' is a builtin with type 'char *(int)'
1 warning generated.
configure:8106: $? = 0
configure:8106: result: yes
configure:8106: checking for strncasecmp
configure:8106: gcc -o conftest -I/usr/local/Cellar/glib/2.42.1/include/glib-2.0 -I/usr/local/Cellar/glib/2.42.1/lib/glib-2.0/include -I/usr/local/opt/gettext/include  -g -O2   conftest.c -lcrypto -lssl  >&5
conftest.c:78:6: warning: incompatible redeclaration of library function 'strncasecmp' [-Wincompatible-library-redeclaration]
char strncasecmp ();
     ^
conftest.c:78:6: note: 'strncasecmp' is a builtin with type 'int (const char *, const char *, unsigned long)'
1 warning generated.
configure:8106: $? = 0
configure:8106: result: yes
configure:8106: checking for strrchr
configure:8106: gcc -o conftest -I/usr/local/Cellar/glib/2.42.1/include/glib-2.0 -I/usr/local/Cellar/glib/2.42.1/lib/glib-2.0/include -I/usr/local/opt/gettext/include  -g -O2   conftest.c -lcrypto -lssl  >&5
conftest.c:79:6: warning: incompatible redeclaration of library function 'strrchr' [-Wincompatible-library-redeclaration]
char strrchr ();
     ^
conftest.c:79:6: note: 'strrchr' is a builtin with type 'char *(const char *, int)'
1 warning generated.
configure:8106: $? = 0
configure:8106: result: yes
configure:8106: checking for strtol
configure:8106: gcc -o conftest -I/usr/local/Cellar/glib/2.42.1/include/glib-2.0 -I/usr/local/Cellar/glib/2.42.1/lib/glib-2.0/include -I/usr/local/opt/gettext/include  -g -O2   conftest.c -lcrypto -lssl  >&5
configure:8106: $? = 0
configure:8106: result: yes
configure:8228: checking that generated files are newer than configure
configure:8234: result: done
configure:8257: creating ./config.status

## ---------------------- ##
## Running config.status. ##
## ---------------------- ##

This file was extended by cardpeek config.status 0.8.3, which was
generated by GNU Autoconf 2.69.  Invocation command line was

  CONFIG_FILES    = 
  CONFIG_HEADERS  = 
  CONFIG_LINKS    = 
  CONFIG_COMMANDS = 
  $ ./config.status 

on Sudheeshs-MacBook-Pro.local

config.status:924: creating Makefile
config.status:924: creating config.h
config.status:1153: executing depfiles commands

## ---------------- ##
## Cache variables. ##
## ---------------- ##

ac_cv_build=x86_64-apple-darwin14.0.0
ac_cv_c_compiler_gnu=yes
ac_cv_c_const=yes
ac_cv_env_CC_set=
ac_cv_env_CC_value=
ac_cv_env_CFLAGS_set=
ac_cv_env_CFLAGS_value=
ac_cv_env_CPPFLAGS_set=
ac_cv_env_CPPFLAGS_value=
ac_cv_env_CPP_set=
ac_cv_env_CPP_value=
ac_cv_env_CURL_CFLAGS_set=
ac_cv_env_CURL_CFLAGS_value=
ac_cv_env_CURL_LIBS_set=
ac_cv_env_CURL_LIBS_value=
ac_cv_env_GLIB_CFLAGS_set=
ac_cv_env_GLIB_CFLAGS_value=
ac_cv_env_GLIB_LIBS_set=
ac_cv_env_GLIB_LIBS_value=
ac_cv_env_GTK_CFLAGS_set=
ac_cv_env_GTK_CFLAGS_value=
ac_cv_env_GTK_LIBS_set=
ac_cv_env_GTK_LIBS_value=
ac_cv_env_ICONV_LIBS_set=
ac_cv_env_ICONV_LIBS_value=
ac_cv_env_LDFLAGS_set=
ac_cv_env_LDFLAGS_value=
ac_cv_env_LIBS_set=
ac_cv_env_LIBS_value=
ac_cv_env_LUA_CFLAGS_set=
ac_cv_env_LUA_CFLAGS_value=
ac_cv_env_LUA_LIBS_set=
ac_cv_env_LUA_LIBS_value=
ac_cv_env_PCSC_CFLAGS_set=
ac_cv_env_PCSC_CFLAGS_value=
ac_cv_env_PCSC_LIBS_set=
ac_cv_env_PCSC_LIBS_value=
ac_cv_env_PKG_CONFIG_LIBDIR_set=
ac_cv_env_PKG_CONFIG_LIBDIR_value=
ac_cv_env_PKG_CONFIG_PATH_set=set
ac_cv_env_PKG_CONFIG_PATH_value=/opt/X11/lib/pkgconfig
ac_cv_env_PKG_CONFIG_set=
ac_cv_env_PKG_CONFIG_value=
ac_cv_env_build_alias_set=
ac_cv_env_build_alias_value=
ac_cv_env_host_alias_set=
ac_cv_env_host_alias_value=
ac_cv_env_target_alias_set=
ac_cv_env_target_alias_value=
ac_cv_func__doprnt=no
ac_cv_func_bzero=yes
ac_cv_func_getcwd=yes
ac_cv_func_lstat_dereferences_slashed_symlink=no
ac_cv_func_malloc_0_nonnull=yes
ac_cv_func_memcmp_working=yes
ac_cv_func_memmove=yes
ac_cv_func_memset=yes
ac_cv_func_realloc_0_nonnull=yes
ac_cv_func_select=yes
ac_cv_func_select_args='int,fd_set *,struct timeval *'
ac_cv_func_stat_empty_string_bug=no
ac_cv_func_strcasecmp=yes
ac_cv_func_strdup=yes
ac_cv_func_strerror=yes
ac_cv_func_strncasecmp=yes
ac_cv_func_strrchr=yes
ac_cv_func_strtol=yes
ac_cv_func_vprintf=yes
ac_cv_have_decl_backtrace=yes
ac_cv_header_dirent_dirent_h=yes
ac_cv_header_fcntl_h=yes
ac_cv_header_inttypes_h=yes
ac_cv_header_limits_h=yes
ac_cv_header_memory_h=yes
ac_cv_header_stdc=yes
ac_cv_header_stdint_h=yes
ac_cv_header_stdlib_h=yes
ac_cv_header_string_h=yes
ac_cv_header_strings_h=yes
ac_cv_header_sys_select_h=yes
ac_cv_header_sys_socket_h=yes
ac_cv_header_sys_stat_h=yes
ac_cv_header_sys_time_h=yes
ac_cv_header_sys_types_h=yes
ac_cv_header_sys_wait_h=yes
ac_cv_header_termios_h=yes
ac_cv_header_time=yes
ac_cv_header_unistd_h=yes
ac_cv_host=x86_64-apple-darwin14.0.0
ac_cv_lib_crypto_CRYPTO_free=yes
ac_cv_lib_execinfo_backtrace=no
ac_cv_lib_ssl_SSL_free=yes
ac_cv_objext=o
ac_cv_path_EGREP='/usr/bin/grep -E'
ac_cv_path_GDK_PIXBUF_PIXDATA=/usr/local/bin/gdk-pixbuf-pixdata
ac_cv_path_GLIB_COMPILE_RESOURCES=/usr/local/bin/glib-compile-resources
ac_cv_path_GREP=/usr/bin/grep
ac_cv_path_ac_pt_PKG_CONFIG=/usr/local/bin/pkg-config
ac_cv_path_install='/usr/bin/install -c'
ac_cv_prog_AWK=awk
ac_cv_prog_CPP='gcc -E'
ac_cv_prog_ac_ct_CC=gcc
ac_cv_prog_cc_c89=
ac_cv_prog_cc_g=yes
ac_cv_prog_make_make_set=yes
ac_cv_search_opendir='none required'
ac_cv_type_GStatBuf=yes
ac_cv_type_size_t=yes
acl_cv_path_LD=/Applications/Xcode.app/Contents/Developer/Toolchains/XcodeDefault.xctoolchain/usr/bin/ld
acl_cv_prog_gnu_ld=no
acl_cv_rpath=done
am_cv_CC_dependencies_compiler_type=gcc3
am_cv_func_iconv=yes
am_cv_func_iconv_works=yes
am_cv_lib_iconv=yes
am_cv_make_support_nested_variables=yes
am_cv_prog_cc_c_o=yes
am_cv_proto_iconv='extern size_t iconv (iconv_t cd, char * *inbuf, size_t *inbytesleft, char * *outbuf, size_t *outbytesleft);'
am_cv_proto_iconv_arg1=
pkg_cv_CURL_CFLAGS=
pkg_cv_CURL_LIBS='-lcurl '
pkg_cv_GLIB_CFLAGS='-I/usr/local/Cellar/glib/2.42.1/include/glib-2.0 -I/usr/local/Cellar/glib/2.42.1/lib/glib-2.0/include -I/usr/local/opt/gettext/include '
pkg_cv_GLIB_LIBS='-L/usr/local/Cellar/glib/2.42.1/lib -L/usr/local/opt/gettext/lib -lglib-2.0 -lintl '
pkg_cv_GTK_CFLAGS='-D_REENTRANT -I/opt/X11/include -I/opt/X11/include/cairo -I/opt/X11/include/pixman-1 -I/opt/X11/include -I/opt/X11/include/freetype2 -I/opt/X11/include/libpng15 -I/opt/X11/include -I/usr/local/Cellar/gtk+3/3.14.5/include/gtk-3.0 -I/usr/local/Cellar/at-spi2-atk/2.14.1/include/at-spi2-atk/2.0 -I/usr/local/Cellar/at-spi2-core/2.14.1/include/at-spi-2.0 -I/usr/local/Cellar/d-bus/1.8.12/include/dbus-1.0 -I/usr/local/Cellar/d-bus/1.8.12/lib/dbus-1.0/include -I/usr/local/Cellar/gtk+3/3.14.5/include/gtk-3.0 -I/usr/local/Cellar/glib/2.42.1/include/gio-unix-2.0/ -I/usr/local/Cellar/pango/1.36.8/include/pango-1.0 -I/usr/local/Cellar/harfbuzz/0.9.35_1/include/harfbuzz -I/usr/local/Cellar/pango/1.36.8/include/pango-1.0 -I/usr/local/Cellar/atk/2.14.0/include/atk-1.0 -I/usr/local/Cellar/cairo/1.14.0/include/cairo -I/usr/local/Cellar/gdk-pixbuf/2.30.8/include/gdk-pixbuf-2.0 -I/usr/local/Cellar/libpng/1.6.15/include/libpng16 -I/usr/local/Cellar/glib/2.42.1/include/glib-2.0 -I/usr/local/Cellar/glib/2.42.1/lib/glib-2.0/include -I/usr/local/opt/gettext/include '
pkg_cv_GTK_LIBS='-L/opt/X11/lib -L/usr/local/Cellar/gtk+3/3.14.5/lib -L/usr/local/Cellar/pango/1.36.8/lib -L/usr/local/Cellar/atk/2.14.0/lib -L/usr/local/Cellar/cairo/1.14.0/lib -L/usr/local/Cellar/gdk-pixbuf/2.30.8/lib -L/usr/local/Cellar/glib/2.42.1/lib -L/usr/local/opt/gettext/lib -lgtk-3 -lgdk-3 -lpangocairo-1.0 -lpango-1.0 -latk-1.0 -lcairo-gobject -lcairo -lgdk_pixbuf-2.0 -lgio-2.0 -lgobject-2.0 -lglib-2.0 -lintl '
pkg_cv_LUA_CFLAGS='-I/usr/local/include '
pkg_cv_LUA_LIBS='-L/usr/local/lib -llua -lm '

## ----------------- ##
## Output variables. ##
## ----------------- ##

ACLOCAL='${SHELL} /Users/sudheeshsinganamalla/Documents/LakshyaHackathon/RFID-DBSync/cardpeek-0.8.3/missing aclocal-1.14'
AMDEPBACKSLASH='\'
AMDEP_FALSE='#'
AMDEP_TRUE=''
AMTAR='$${TAR-tar}'
AM_BACKSLASH='\'
AM_DEFAULT_V='$(AM_DEFAULT_VERBOSITY)'
AM_DEFAULT_VERBOSITY='0'
AM_V='$(V)'
AUTOCONF='${SHELL} /Users/sudheeshsinganamalla/Documents/LakshyaHackathon/RFID-DBSync/cardpeek-0.8.3/missing autoconf'
AUTOHEADER='${SHELL} /Users/sudheeshsinganamalla/Documents/LakshyaHackathon/RFID-DBSync/cardpeek-0.8.3/missing autoheader'
AUTOMAKE='${SHELL} /Users/sudheeshsinganamalla/Documents/LakshyaHackathon/RFID-DBSync/cardpeek-0.8.3/missing automake-1.14'
AWK='awk'
CC='gcc'
CCDEPMODE='depmode=gcc3'
CFLAGS='-I/usr/local/Cellar/glib/2.42.1/include/glib-2.0 -I/usr/local/Cellar/glib/2.42.1/lib/glib-2.0/include -I/usr/local/opt/gettext/include  -g -O2'
CPP='gcc -E'
CPPFLAGS=''
CURL_CFLAGS=''
CURL_LIBS='-lcurl '
CYGPATH_W='echo'
DEFS='-DHAVE_CONFIG_H'
DEPDIR='.deps'
ECHO_C='\c'
ECHO_N=''
ECHO_T=''
EGREP='/usr/bin/grep -E'
EXEEXT=''
GDK_PIXBUF_PIXDATA='/usr/local/bin/gdk-pixbuf-pixdata'
GLIB_CFLAGS='-I/usr/local/Cellar/glib/2.42.1/include/glib-2.0 -I/usr/local/Cellar/glib/2.42.1/lib/glib-2.0/include -I/usr/local/opt/gettext/include '
GLIB_COMPILE_RESOURCES='/usr/local/bin/glib-compile-resources'
GLIB_LIBS='-L/usr/local/Cellar/glib/2.42.1/lib -L/usr/local/opt/gettext/lib -lglib-2.0 -lintl '
GREP='/usr/bin/grep'
GTK_CFLAGS='-D_REENTRANT -I/opt/X11/include -I/opt/X11/include/cairo -I/opt/X11/include/pixman-1 -I/opt/X11/include -I/opt/X11/include/freetype2 -I/opt/X11/include/libpng15 -I/opt/X11/include -I/usr/local/Cellar/gtk+3/3.14.5/include/gtk-3.0 -I/usr/local/Cellar/at-spi2-atk/2.14.1/include/at-spi2-atk/2.0 -I/usr/local/Cellar/at-spi2-core/2.14.1/include/at-spi-2.0 -I/usr/local/Cellar/d-bus/1.8.12/include/dbus-1.0 -I/usr/local/Cellar/d-bus/1.8.12/lib/dbus-1.0/include -I/usr/local/Cellar/gtk+3/3.14.5/include/gtk-3.0 -I/usr/local/Cellar/glib/2.42.1/include/gio-unix-2.0/ -I/usr/local/Cellar/pango/1.36.8/include/pango-1.0 -I/usr/local/Cellar/harfbuzz/0.9.35_1/include/harfbuzz -I/usr/local/Cellar/pango/1.36.8/include/pango-1.0 -I/usr/local/Cellar/atk/2.14.0/include/atk-1.0 -I/usr/local/Cellar/cairo/1.14.0/include/cairo -I/usr/local/Cellar/gdk-pixbuf/2.30.8/include/gdk-pixbuf-2.0 -I/usr/local/Cellar/libpng/1.6.15/include/libpng16 -I/usr/local/Cellar/glib/2.42.1/include/glib-2.0 -I/usr/local/Cellar/glib/2.42.1/lib/glib-2.0/include -I/usr/local/opt/gettext/include '
GTK_LIBS='-L/opt/X11/lib -L/usr/local/Cellar/gtk+3/3.14.5/lib -L/usr/local/Cellar/pango/1.36.8/lib -L/usr/local/Cellar/atk/2.14.0/lib -L/usr/local/Cellar/cairo/1.14.0/lib -L/usr/local/Cellar/gdk-pixbuf/2.30.8/lib -L/usr/local/Cellar/glib/2.42.1/lib -L/usr/local/opt/gettext/lib -lgtk-3 -lgdk-3 -lpangocairo-1.0 -lpango-1.0 -latk-1.0 -lcairo-gobject -lcairo -lgdk_pixbuf-2.0 -lgio-2.0 -lgobject-2.0 -lglib-2.0 -lintl '
ICONV_LIBS='-liconv'
INSTALL_DATA='${INSTALL} -m 644'
INSTALL_PROGRAM='${INSTALL}'
INSTALL_SCRIPT='${INSTALL}'
INSTALL_STRIP_PROGRAM='$(install_sh) -c -s'
LDFLAGS=''
LIBICONV='-liconv'
LIBOBJS=' ${LIBOBJDIR}lstat$U.o'
LIBS='-lcrypto -lssl '
LTLIBICONV='-liconv'
LTLIBOBJS=' ${LIBOBJDIR}lstat$U.lo'
LUA_CFLAGS='-I/usr/local/include '
LUA_LIBS='-L/usr/local/lib -llua -lm '
MAKEINFO='${SHELL} /Users/sudheeshsinganamalla/Documents/LakshyaHackathon/RFID-DBSync/cardpeek-0.8.3/missing makeinfo'
MKDIR_P='./install-sh -c -d'
OBJEXT='o'
PACKAGE='cardpeek'
PACKAGE_BUGREPORT='L1L1@gmx.com'
PACKAGE_NAME='cardpeek'
PACKAGE_STRING='cardpeek 0.8.3'
PACKAGE_TARNAME='cardpeek'
PACKAGE_URL=''
PACKAGE_VERSION='0.8.3'
PATH_SEPARATOR=':'
PCSC_CFLAGS='-Wno-deprecated-declarations -I/System/Library/Frameworks/PCSC.framework/Headers'
PCSC_LIBS='-framework PCSC'
PKG_CONFIG='/usr/local/bin/pkg-config'
PKG_CONFIG_LIBDIR=''
PKG_CONFIG_PATH='/opt/X11/lib/pkgconfig'
SET_MAKE=''
SHELL='/bin/sh'
STRIP=''
VERSION='0.8.3'
ac_ct_CC='gcc'
am__EXEEXT_FALSE=''
am__EXEEXT_TRUE='#'
am__fastdepCC_FALSE='#'
am__fastdepCC_TRUE=''
am__include='include'
am__isrc=''
am__leading_dot='.'
am__nodep='_no'
am__quote=''
am__tar='$${TAR-tar} chof - "$$tardir"'
am__untar='$${TAR-tar} xf -'
bindir='${exec_prefix}/bin'
build='x86_64-apple-darwin14.0.0'
build_alias=''
build_cpu='x86_64'
build_os='darwin14.0.0'
build_vendor='apple'
datadir='${datarootdir}'
datarootdir='${prefix}/share'
docdir='${datarootdir}/doc/${PACKAGE_TARNAME}'
dvidir='${docdir}'
exec_prefix='${prefix}'
host='x86_64-apple-darwin14.0.0'
host_alias=''
host_cpu='x86_64'
host_os='darwin14.0.0'
host_vendor='apple'
htmldir='${docdir}'
includedir='${prefix}/include'
infodir='${datarootdir}/info'
install_sh='${SHELL} /Users/sudheeshsinganamalla/Documents/LakshyaHackathon/RFID-DBSync/cardpeek-0.8.3/install-sh'
libdir='${exec_prefix}/lib'
libexecdir='${exec_prefix}/libexec'
localedir='${datarootdir}/locale'
localstatedir='${prefix}/var'
mandir='${datarootdir}/man'
mkdir_p='$(MKDIR_P)'
oldincludedir='/usr/include'
pdfdir='${docdir}'
prefix='/usr/local'
program_transform_name='s,x,x,'
psdir='${docdir}'
sbindir='${exec_prefix}/sbin'
sharedstatedir='${prefix}/com'
sysconfdir='${prefix}/etc'
target_alias=''

## ----------- ##
## confdefs.h. ##
## ----------- ##

/* confdefs.h */
#define PACKAGE_NAME "cardpeek"
#define PACKAGE_TARNAME "cardpeek"
#define PACKAGE_VERSION "0.8.3"
#define PACKAGE_STRING "cardpeek 0.8.3"
#define PACKAGE_BUGREPORT "L1L1@gmx.com"
#define PACKAGE_URL ""
#define PACKAGE "cardpeek"
#define VERSION "0.8.3"
#define HAVE_LIBSSL 1
#define HAVE_LIBCRYPTO 1
#define HAVE_DECL_BACKTRACE 1
#define HAVE_ICONV 1
#define ICONV_CONST 
#define HAVE_DIRENT_H 1
#define STDC_HEADERS 1
#define HAVE_SYS_WAIT_H 1
#define HAVE_SYS_TYPES_H 1
#define HAVE_SYS_STAT_H 1
#define HAVE_STDLIB_H 1
#define HAVE_STRING_H 1
#define HAVE_MEMORY_H 1
#define HAVE_STRINGS_H 1
#define HAVE_INTTYPES_H 1
#define HAVE_STDINT_H 1
#define HAVE_UNISTD_H 1
#define HAVE_FCNTL_H 1
#define HAVE_LIMITS_H 1
#define HAVE_STDLIB_H 1
#define HAVE_STRING_H 1
#define HAVE_SYS_TIME_H 1
#define HAVE_TERMIOS_H 1
#define HAVE_UNISTD_H 1
#define TIME_WITH_SYS_TIME 1
#define HAVE_GSTATBUF 1
#define HAVE_STDLIB_H 1
#define HAVE_MALLOC 1
#define HAVE_STDLIB_H 1
#define HAVE_REALLOC 1
#define HAVE_SYS_SELECT_H 1
#define HAVE_SYS_SOCKET_H 1
#define SELECT_TYPE_ARG1 int
#define SELECT_TYPE_ARG234 (fd_set *)
#define SELECT_TYPE_ARG5 (struct timeval *)
#define HAVE_VPRINTF 1
#define HAVE_BZERO 1
#define HAVE_GETCWD 1
#define HAVE_MEMMOVE 1
#define HAVE_MEMSET 1
#define HAVE_SELECT 1
#define HAVE_STRCASECMP 1
#define HAVE_STRDUP 1
#define HAVE_STRERROR 1
#define HAVE_STRNCASECMP 1
#define HAVE_STRRCHR 1
#define HAVE_STRTOL 1

configure: exit 0
